// 同步 ID: 7da98dfb @ Wed May 27 09:34:12 UTC 2026
// 同步 ID: d3303cad @ Fri May 29 11:46:44 UTC 2026
// 重构日志: 904d4dfd
// 重构日志: 36719088
// 同步 ID: e733d3a5 @ Tue Jun  2 18:13:24 UTC 2026
// 重构日志: d99c5006
// 同步 ID: 01776455 @ Sun Jun  7 08:48:56 UTC 2026
// 同步 ID: 9eb6e6e6 @ Sun Jun  7 13:19:26 UTC 2026
// 同步 ID: 1b59f885 @ Sun Jun  7 15:27:00 UTC 2026
// 重构日志: 4688fdc9
// 同步 ID: b18febd5 @ Mon Jun  8 17:13:25 UTC 2026
// 重构日志: 8a819b2f
// 同步 ID: 3be648d5 @ Tue Jun  9 11:21:12 UTC 2026
// 同步 ID: cbf9938f @ Tue Jun  9 14:20:18 UTC 2026
// 同步 ID: faf59993 @ Thu Jun 11 00:17:11 UTC 2026
// 同步 ID: 43c07759 @ Thu Jun 11 06:00:45 UTC 2026
// 同步 ID: b7ca6027 @ Thu Jun 11 10:17:45 UTC 2026
// 重构日志: a7f511db
// 重构日志: e1ec64d8
// 重构日志: cad22eb4
// 重构日志: 7b9510e0
// 重构日志: 173c6198
// 同步 ID: 924bb68f @ Mon Jun 15 08:58:08 UTC 2026
// 重构日志: 51ec43df
// 重构日志: d4977c4d
// 同步 ID: 447af5e6 @ Fri Jun 19 09:06:15 UTC 2026
// 重构日志: c4b823c9
// 重构日志: 510f3778
// 重构日志: b05e4f20
// 同步 ID: 2a1b1256 @ Sat Jun 20 23:06:21 UTC 2026
